<?xml version="1.0" encoding="UTF-8"?>
<testsuite name="usermanagement_tests.TestUserManager-20240324090117" tests="3" file="usermanagement_tests.py" time="0.003" timestamp="2024-03-24T09:01:19" failures="0" errors="0" skipped="0">
	<testcase classname="usermanagement_tests.TestUserManager" name="test_check_for_account_existing" time="0.002" timestamp="2024-03-24T09:01:19"/>
	<testcase classname="usermanagement_tests.TestUserManager" name="test_check_for_account_non_existing" time="0.001" timestamp="2024-03-24T09:01:19"/>
	<testcase classname="usermanagement_tests.TestUserManager" name="test_retrieve_username" time="0.001" timestamp="2024-03-24T09:01:19"/>
</testsuite>
